<?xml version="1.0" encoding="UTF-8"?>
<testng-results ignored="0" total="1" passed="1" failed="0" skipped="0">
  <reporter-output>
  </reporter-output>
  <suite started-at="2025-03-20T12:30:29 IST" name="Surefire suite" finished-at="2025-03-20T12:31:50 IST" duration-ms="80904">
    <groups>
      <group name="cucumber">
        <method signature="AbstractTestNGCucumberTests.runScenario(io.cucumber.testng.PickleWrapper,io.cucumber.testng.FeatureWrapper)[pri:0, instance:stepsdefinitions.testrunner@659a969b]" name="runScenario" class="io.cucumber.testng.AbstractTestNGCucumberTests"/>
      </group> <!-- cucumber -->
    </groups>
    <test started-at="2025-03-20T12:30:29 IST" name="Surefire test" finished-at="2025-03-20T12:31:50 IST" duration-ms="80904">
      <class name="stepsdefinitions.testrunner">
        <test-method is-config="true" signature="setUpClass(org.testng.ITestContext)[pri:0, instance:stepsdefinitions.testrunner@659a969b]" started-at="2025-03-20T12:30:29 IST" name="setUpClass" finished-at="2025-03-20T12:30:37 IST" duration-ms="8033" status="PASS">
          <params>
            <param index="0">
              <value>
                <![CDATA[org.testng.TestRunner@2acbc859]]>
              </value>
            </param>
          </params>
          <reporter-output>
          </reporter-output>
        </test-method> <!-- setUpClass -->
        <test-method signature="runScenario(io.cucumber.testng.PickleWrapper,io.cucumber.testng.FeatureWrapper)[pri:0, instance:stepsdefinitions.testrunner@659a969b]" started-at="2025-03-20T12:30:37 IST" name="runScenario" description="Runs Cucumber Scenarios" data-provider="scenarios" finished-at="2025-03-20T12:31:50 IST" duration-ms="72640" status="PASS">
          <params>
            <param index="0">
              <value>
                <![CDATA["To check the puplist add , edit, delete or not"]]>
              </value>
            </param>
            <param index="1">
              <value>
                <![CDATA["puplist add,edit.delete"]]>
              </value>
            </param>
          </params>
          <reporter-output>
          </reporter-output>
        </test-method> <!-- runScenario -->
        <test-method is-config="true" signature="tearDownClass()[pri:0, instance:stepsdefinitions.testrunner@659a969b]" started-at="2025-03-20T12:31:50 IST" name="tearDownClass" finished-at="2025-03-20T12:31:50 IST" duration-ms="137" status="PASS">
          <reporter-output>
          </reporter-output>
        </test-method> <!-- tearDownClass -->
      </class> <!-- stepsdefinitions.testrunner -->
    </test> <!-- Surefire test -->
  </suite> <!-- Surefire suite -->
</testng-results>
