<?xml version="1.0" encoding="UTF-8"?>
<testng-results ignored="0" total="1" passed="1" failed="0" skipped="0">
  <reporter-output>
  </reporter-output>
  <suite started-at="2024-05-02T12:22:38 IST" name="Default suite" finished-at="2024-05-02T12:23:18 IST" duration-ms="39646">
    <groups>
    </groups>
    <test started-at="2024-05-02T12:22:38 IST" name="Default test" finished-at="2024-05-02T12:23:18 IST" duration-ms="39646">
      <class name="seleniumtranning.Popuphandle">
        <test-method is-config="true" signature="browserstartup()[pri:0, instance:seleniumtranning.Popuphandle@351d00c0]" started-at="2024-05-02T12:22:38 IST" name="browserstartup" finished-at="2024-05-02T12:22:49 IST" duration-ms="10348" status="PASS">
          <reporter-output>
          </reporter-output>
        </test-method> <!-- browserstartup -->
        <test-method signature="popup()[pri:0, instance:seleniumtranning.Popuphandle@351d00c0]" started-at="2024-05-02T12:22:49 IST" name="popup" finished-at="2024-05-02T12:23:10 IST" duration-ms="21381" status="PASS">
          <reporter-output>
          </reporter-output>
        </test-method> <!-- popup -->
        <test-method is-config="true" signature="quit()[pri:0, instance:seleniumtranning.Popuphandle@351d00c0]" started-at="2024-05-02T12:23:10 IST" name="quit" finished-at="2024-05-02T12:23:18 IST" duration-ms="7850" status="PASS">
          <reporter-output>
          </reporter-output>
        </test-method> <!-- quit -->
      </class> <!-- seleniumtranning.Popuphandle -->
    </test> <!-- Default test -->
  </suite> <!-- Default suite -->
</testng-results>
