<?xml version="1.0" encoding="UTF-8"?>
<testng-results ignored="0" total="2" passed="2" failed="0" skipped="0">
  <reporter-output>
  </reporter-output>
  <suite started-at="2025-03-12T16:57:32 IST" name="Default suite" finished-at="2025-03-12T16:59:16 IST" duration-ms="103240">
    <groups>
      <group name="cucumber">
        <method signature="AbstractTestNGCucumberTests.runScenario(io.cucumber.testng.PickleWrapper,io.cucumber.testng.FeatureWrapper)[pri:0, instance:stepsdefinitions.testrunner@54d9d12d]" name="runScenario" class="io.cucumber.testng.AbstractTestNGCucumberTests"/>
      </group> <!-- cucumber -->
    </groups>
    <test started-at="2025-03-12T16:57:32 IST" name="Default test" finished-at="2025-03-12T16:59:16 IST" duration-ms="103240">
      <class name="stepsdefinitions.testrunner">
        <test-method is-config="true" signature="setUpClass(org.testng.ITestContext)[pri:0, instance:stepsdefinitions.testrunner@54d9d12d]" started-at="2025-03-12T16:57:32 IST" name="setUpClass" finished-at="2025-03-12T16:57:33 IST" duration-ms="870" status="PASS">
          <params>
            <param index="0">
              <value>
                <![CDATA[org.testng.TestRunner@38ed139b]]>
              </value>
            </param>
          </params>
          <reporter-output>
          </reporter-output>
        </test-method> <!-- setUpClass -->
        <test-method signature="runScenario(io.cucumber.testng.PickleWrapper,io.cucumber.testng.FeatureWrapper)[pri:0, instance:stepsdefinitions.testrunner@54d9d12d]" started-at="2025-03-12T16:57:33 IST" name="runScenario" description="Runs Cucumber Scenarios" data-provider="scenarios" finished-at="2025-03-12T16:58:26 IST" duration-ms="53143" status="PASS">
          <params>
            <param index="0">
              <value>
                <![CDATA["To check the puplist add , edit, delete or not"]]>
              </value>
            </param>
            <param index="1">
              <value>
                <![CDATA["puplist add,edit.delete"]]>
              </value>
            </param>
          </params>
          <reporter-output>
          </reporter-output>
        </test-method> <!-- runScenario -->
        <test-method signature="runScenario(io.cucumber.testng.PickleWrapper,io.cucumber.testng.FeatureWrapper)[pri:0, instance:stepsdefinitions.testrunner@54d9d12d]" started-at="2025-03-12T16:58:26 IST" name="runScenario" description="Runs Cucumber Scenarios" data-provider="scenarios" finished-at="2025-03-12T16:59:15 IST" duration-ms="49137" status="PASS">
          <params>
            <param index="0">
              <value>
                <![CDATA["To check the puplist add , edit, delete or not"]]>
              </value>
            </param>
            <param index="1">
              <value>
                <![CDATA["puplist add,edit.delete"]]>
              </value>
            </param>
          </params>
          <reporter-output>
          </reporter-output>
        </test-method> <!-- runScenario -->
        <test-method is-config="true" signature="tearDownClass()[pri:0, instance:stepsdefinitions.testrunner@54d9d12d]" started-at="2025-03-12T16:59:15 IST" name="tearDownClass" finished-at="2025-03-12T16:59:16 IST" duration-ms="29" status="PASS">
          <reporter-output>
          </reporter-output>
        </test-method> <!-- tearDownClass -->
      </class> <!-- stepsdefinitions.testrunner -->
    </test> <!-- Default test -->
  </suite> <!-- Default suite -->
</testng-results>
